> Create project by express :

    $ mkdir ahs502-nodejs-template
    $ cd ahs502-nodejs-template
    $ express

> Test project :

    $ npm install
    $ npm start

> Initialize bower :

    $ bower init
    $ bower install

> Add and fill some files :

    $ touch README.md
    $ touch .gitignore
    $ touch TODO
    $ touch HISTORY.log

> Install some npm packages :

    $ npm install --save --save-dev colors console-prompt sleep sync-exec del

> Setup git :

    $ git init
    $ git status
    $ git add .
    $ git commit -am "Initial commit; Project has been created."
    
    $ git remote add origin git@bitbucket.org:ahs502/ahs502-nodejs-template.git
    $ git push -u origin --all
    $ git push -u origin --tags

> Install gulp and its related packages :

    $ sudo npm install -g gulp
    
    $ npm install --save-dev gulp
    $ npm install --save-dev gulp-util
    $ npm install --save-dev gulp-uglify
    $ npm install --save-dev gulp-sourcemaps
    $ npm install --save-dev gulp-concat
    $ npm install --save-dev gulp-cssnano
    $ npm install --save-dev gulp-coffee
    $ npm install --save-dev gulp-imagemin
    $ npm install --save-dev gulp-print
    $ npm install --save-dev run-sequence

> Create a gulpfile.js at the root of project :

    $ touch gulpfile.js