> Create project by express :

    $ mkdir ahs502-nodejs-template
    $ cd ahs502-nodejs-template
    $ express

> Test project :

    $ npm install
    $ npm start   # Ctrl+C to terminate

> Initialize bower :

    $ sudo npm install -g bower
    
    $ bower init
    $ bower install

> Add and fill some files :

    $ touch README.md   # Make your project documentation
    $ touch .gitignore   # Fill the list
    $ touch TODO   # Free to use
    $ touch HISTORY.log   # Me only !

> Install some npm packages :

    $ npm install --save --save-dev colors console-prompt sync-exec del

> Setup git :

    $ git init
    $ git status   # To see details
    $ git add .
    $ git commit -am "Initial commit; Project has been created."
    
    $ git remote add origin git@bitbucket.org:ahs502/ahs502-nodejs-template.git
    $ git push -u origin --all
    $ git push -u origin --tags

> Install gulp and its related packages :

    $ sudo npm install -g gulp
    
    $ npm install --save-dev gulp
    $ npm install --save-dev gulp-util
    $ npm install --save-dev gulp-uglify
    $ npm install --save-dev gulp-sourcemaps
    $ npm install --save-dev gulp-concat
    $ npm install --save-dev gulp-cssnano
    $ npm install --save-dev gulp-coffee
    $ npm install --save-dev gulp-imagemin
    $ npm install --save-dev gulp-print
    $ npm install --save-dev run-sequence

> Create a gulpfile.js at the root of project :

    $ touch gulpfile.js   # Code it

> Install common bower packages :

    $ bower install --save jquery
    $ bower install --save angular angular-ui-router ui-router-extras

> Setup SemanticUI :

    $ bower install --save semantic-ui
    $ cd bower_components/semantic/
    $ npm install   # Needs initial setup
    $ cat gulpfile.js   # Or see: http://semantic-ui.com/introduction/build-tools.html
    $ cat semantic.json   # Helps a lot!
    
    To prevent 'default' theme of semantic-ui to download fonts from Google :
    $ nano src/themes/default/globals/site.variables
    Then, change '@importGoogleFonts : true;' to '@importGoogleFonts : false;' and save,
    
    For Right-to-left languages :
    $ nano semantic.json
    Then, change 'rtl' to 'true',
    And change link "semantic/dist/semantic.css" to "semantic/dist/semantic.rtl.css" in page,
    
    $ gulp clean   # Specially when this is not the first build
    $ gulp build
    $ cd ../..
